<?xml version="1.0" encoding="UTF-8"?>
<testng-results ignored="0" total="1" passed="1" failed="0" skipped="0">
  <reporter-output>
  </reporter-output>
  <suite started-at="2022-06-01T09:29:52 IST" name="Default suite" finished-at="2022-06-01T09:30:07 IST" duration-ms="14766">
    <groups>
    </groups>
    <test started-at="2022-06-01T09:29:52 IST" name="Default test" finished-at="2022-06-01T09:30:07 IST" duration-ms="14766">
      <class name="sample1.Sample">
        <test-method signature="searchGaadiBybudget()[pri:0, instance:sample1.Sample@1b1426f4]" started-at="2022-06-01T09:29:52 IST" name="searchGaadiBybudget" finished-at="2022-06-01T09:30:07 IST" duration-ms="14735" status="PASS">
          <reporter-output>
          </reporter-output>
        </test-method> <!-- searchGaadiBybudget -->
      </class> <!-- sample1.Sample -->
    </test> <!-- Default test -->
  </suite> <!-- Default suite -->
</testng-results>
